mktextfm ecrm1200
mktextfm ecrm1440
mktextfm ecbx1440
mktextfm ecrm1000
mktextfm ecbx1000
mktextfm ecrm0600
mktextfm ecrm1728
mktextfm ecbx1728
mktextfm ecsl1200
mktextfm ecbx1200
mktextfm ecrm0800
mktextfm ecti1200
mktextfm ectt1200
mktextfm ecrm1200
mktextfm ecrm1440
mktextfm ecbx1440
mktextfm ecrm1000
mktextfm ecrm0600
mktextfm ecrm1728
mktextfm ecbx1728
mktextfm ecbx1200
mktextfm ecsl1200
mktextfm ecrm0800
mktextfm ecti1200
mktextfm ectt1200
mktextfm ecrm1200
mktextfm ecrm1440
mktextfm ecbx1440
mktextfm ecrm1000
mktextfm ecrm0600
mktextfm ecrm1728
mktextfm ecbx1728
mktextfm ecbx1200
mktextfm ecsl1200
mktextfm ecrm0800
mktextfm ecti1200
mktextfm ectt1200
mktexpk --mfmode / --bdpi 600 --mag 1+0/600 --dpi 600 ecbx1440
mktextfm ecrm1200
