<<<<<<< HEAD
This is pdfTeX, Version 3.1415926-2.5-1.40.14 (TeX Live 2013/Debian) (format=pdflatex 2014.10.1)  14 MAR 2015 17:42
=======
This is pdfTeX, Version 3.1415926-2.5-1.40.14 (TeX Live 2013/Debian) (format=pdflatex 2014.11.17)  12 FEB 2015 14:05
>>>>>>> 0340f5627ddf9543b5b886b3aa1a82b7b8f7f949
entering extended mode
 restricted \write18 enabled.
 %&-line parsing enabled.
**lahteet.tex

! Emergency stop.
<*> lahteet.tex
               
*** (job aborted, file error in nonstop mode)

 
Here is how much of TeX's memory you used:
<<<<<<< HEAD
 3 strings out of 494465
 108 string characters out of 6166361
 47209 words of memory out of 5000000
 3349 multiletter control sequences out of 15000+600000
 3640 words of font info for 14 fonts, out of 8000000 for 9000
 350 hyphenation exceptions out of 8191
=======
 3 strings out of 493304
 108 string characters out of 6139870
 51880 words of memory out of 5000000
 3564 multiletter control sequences out of 15000+600000
 3640 words of font info for 14 fonts, out of 8000000 for 9000
 957 hyphenation exceptions out of 8191
>>>>>>> 0340f5627ddf9543b5b886b3aa1a82b7b8f7f949
 0i,0n,0p,1b,6s stack positions out of 5000i,500n,10000p,200000b,80000s
!  ==> Fatal error occurred, no output PDF file produced!
